<?xml version="1.0" encoding="UTF-8"?>
<testsuite xmlns:xsi="http://www.w3.org/2001/XMLSchema-instance" xsi:noNamespaceSchemaLocation="https://maven.apache.org/surefire/maven-surefire-plugin/xsd/surefire-test-report-3.0.xsd" version="3.0" name="com.Ecomarket.proxy.ProxyApplicationTests" time="3.378" tests="1" errors="0" skipped="0" failures="0">
  <properties>
[...]
</properties>
  <testcase name="contextLoads" classname="com.Ecomarket.proxy.ProxyApplicationTests" time="0.488">
    <system-out><![CDATA[10:25:57.206 [main] INFO org.springframework.test.context.support.AnnotationConfigContextLoaderUtils -- Could not detect default configuration classes for test class [com.Ecomarket.proxy.ProxyApplicationTests]: ProxyApplicationTests does not declare any static, non-private, non-final, nested classes annotated with @Configuration.
10:25:57.324 [main] INFO org.springframework.boot.test.context.SpringBootTestContextBootstrapper -- Found @SpringBootConfiguration com.Ecomarket.proxy.ProxyApplication for test class com.Ecomarket.proxy.ProxyApplicationTests
10:25:57.487 [main] INFO org.springframework.boot.devtools.restart.RestartApplicationListener -- Restart disabled due to context in which it is running

  .   ____          _            __ _ _
 /\\ / ___'_ __ _ _(_)_ __  __ _ \ \ \ \
( ( )\___ | '_ | '_| | '_ \/ _` | \ \ \ \
 \\/  ___)| |_)| | | | | || (_| |  ) ) ) )
  '  |____| .__|_| |_|_| |_\__, | / / / /
 =========|_|==============|___/=/_/_/_/

 :: Spring Boot ::               (v3.3.12)

2025-11-21T10:25:57.832-03:00  INFO 3964 --- [proxy] [           main] c.Ecomarket.proxy.ProxyApplicationTests  : Starting ProxyApplicationTests using Java 24.0.1 with PID 3964 (started by fabia in C:\Users\fabia\Desktop\PixalStoreBackend\proxy)
2025-11-21T10:25:57.833-03:00  INFO 3964 --- [proxy] [           main] c.Ecomarket.proxy.ProxyApplicationTests  : No active profile set, falling back to 1 default profile: "default"
2025-11-21T10:25:58.662-03:00  INFO 3964 --- [proxy] [           main] o.s.cloud.context.scope.GenericScope     : BeanFactory id=41ca87ee-7ae7-334e-af5a-0a558e99d5f0
2025-11-21T10:25:59.518-03:00  INFO 3964 --- [proxy] [           main] o.s.c.g.r.RouteDefinitionRouteLocator    : Loaded RoutePredicateFactory [After]
2025-11-21T10:25:59.518-03:00  INFO 3964 --- [proxy] [           main] o.s.c.g.r.RouteDefinitionRouteLocator    : Loaded RoutePredicateFactory [Before]
2025-11-21T10:25:59.519-03:00  INFO 3964 --- [proxy] [           main] o.s.c.g.r.RouteDefinitionRouteLocator    : Loaded RoutePredicateFactory [Between]
2025-11-21T10:25:59.519-03:00  INFO 3964 --- [proxy] [           main] o.s.c.g.r.RouteDefinitionRouteLocator    : Loaded RoutePredicateFactory [Cookie]
2025-11-21T10:25:59.519-03:00  INFO 3964 --- [proxy] [           main] o.s.c.g.r.RouteDefinitionRouteLocator    : Loaded RoutePredicateFactory [Header]
2025-11-21T10:25:59.519-03:00  INFO 3964 --- [proxy] [           main] o.s.c.g.r.RouteDefinitionRouteLocator    : Loaded RoutePredicateFactory [Host]
2025-11-21T10:25:59.519-03:00  INFO 3964 --- [proxy] [           main] o.s.c.g.r.RouteDefinitionRouteLocator    : Loaded RoutePredicateFactory [Method]
2025-11-21T10:25:59.519-03:00  INFO 3964 --- [proxy] [           main] o.s.c.g.r.RouteDefinitionRouteLocator    : Loaded RoutePredicateFactory [Path]
2025-11-21T10:25:59.519-03:00  INFO 3964 --- [proxy] [           main] o.s.c.g.r.RouteDefinitionRouteLocator    : Loaded RoutePredicateFactory [Query]
2025-11-21T10:25:59.519-03:00  INFO 3964 --- [proxy] [           main] o.s.c.g.r.RouteDefinitionRouteLocator    : Loaded RoutePredicateFactory [ReadBody]
2025-11-21T10:25:59.519-03:00  INFO 3964 --- [proxy] [           main] o.s.c.g.r.RouteDefinitionRouteLocator    : Loaded RoutePredicateFactory [RemoteAddr]
2025-11-21T10:25:59.519-03:00  INFO 3964 --- [proxy] [           main] o.s.c.g.r.RouteDefinitionRouteLocator    : Loaded RoutePredicateFactory [XForwardedRemoteAddr]
2025-11-21T10:25:59.519-03:00  INFO 3964 --- [proxy] [           main] o.s.c.g.r.RouteDefinitionRouteLocator    : Loaded RoutePredicateFactory [Weight]
2025-11-21T10:25:59.519-03:00  INFO 3964 --- [proxy] [           main] o.s.c.g.r.RouteDefinitionRouteLocator    : Loaded RoutePredicateFactory [CloudFoundryRouteService]
2025-11-21T10:25:59.944-03:00  INFO 3964 --- [proxy] [           main] c.Ecomarket.proxy.ProxyApplicationTests  : Started ProxyApplicationTests in 2.476 seconds (process running for 3.342)
]]></system-out>
    <system-err><![CDATA[WARNING: A Java agent has been loaded dynamically (C:\Users\fabia\.m2\repository\net\bytebuddy\byte-buddy-agent\1.14.19\byte-buddy-agent-1.14.19.jar)
WARNING: If a serviceability tool is in use, please run with -XX:+EnableDynamicAgentLoading to hide this warning
WARNING: If a serviceability tool is not in use, please run with -Djdk.instrument.traceUsage for more information
WARNING: Dynamic loading of agents will be disallowed by default in a future release
]]></system-err>
  </testcase>
</testsuite>